
/home/runner/work/exp-functioning-voltage-doubler-iitkgp/exp-functioning-voltage-doubler-iitkgp/experiment/simulation/AC_RunActiveContent.js
   13:6   warning  'e' is defined but never used                               no-unused-vars
   19:13  warning  'ActiveXObject' is not defined                              no-undef
   21:14  warning  Empty block statement                                       no-empty
   28:14  warning  'ActiveXObject' is not defined                              no-undef
   43:15  warning  Empty block statement                                       no-empty
   51:14  warning  'ActiveXObject' is not defined                              no-undef
   53:15  warning  Empty block statement                                       no-empty
   61:14  warning  'ActiveXObject' is not defined                              no-undef
   63:15  warning  Empty block statement                                       no-empty
   71:14  warning  'ActiveXObject' is not defined                              no-undef
  106:8   warning  'flashVer' is already defined                               no-redeclare
  122:10  warning  'DetectFlashVer' is defined but never used                  no-unused-vars
  124:2   warning  'versionStr' is not defined                                 no-undef
  125:6   warning  'versionStr' is not defined                                 no-undef
  127:13  warning  'versionStr' is not defined                                 no-undef
  130:4   warning  'tempArray' is not defined                                  no-undef
  130:24  warning  'versionStr' is not defined                                 no-undef
  131:4   warning  'tempString' is not defined                                 no-undef
  131:24  warning  'tempArray' is not defined                                  no-undef
  132:4   warning  'versionArray' is not defined                               no-undef
  132:24  warning  'tempString' is not defined                                 no-undef
  134:4   warning  'versionArray' is not defined                               no-undef
  134:24  warning  'versionStr' is not defined                                 no-undef
  136:27  warning  'versionArray' is not defined                               no-undef
  137:27  warning  'versionArray' is not defined                               no-undef
  138:27  warning  'versionArray' is not defined                               no-undef
  140:8   warning  Mixed spaces and tabs                                       no-mixed-spaces-and-tabs
  174:14  warning  'i' is already defined                                      no-redeclare
  183:14  warning  'i' is already defined                                      no-redeclare
  193:10  warning  'AC_FL_RunContent' is defined but never used                no-unused-vars
  196:5   warning  Unexpected newline between function and ( of function call  no-unexpected-multiline
  202:10  warning  'AC_SW_RunContent' is defined but never used                no-unused-vars
  205:5   warning  Unexpected newline between function and ( of function call  no-unexpected-multiline

/home/runner/work/exp-functioning-voltage-doubler-iitkgp/exp-functioning-voltage-doubler-iitkgp/experiment/simulation/VD.js
   11:10  warning  'tabled' is defined but never used        no-unused-vars
   40:10  warning  'CLCURR' is defined but never used        no-unused-vars
   43:10  warning  'CFREQ' is defined but never used         no-unused-vars
   47:10  warning  'CC1' is defined but never used           no-unused-vars
   51:10  warning  'CC2' is defined but never used           no-unused-vars
   58:10  warning  'displayrange' is defined but never used  no-unused-vars
   86:10  warning  'showspan1' is defined but never used     no-unused-vars
   89:10  warning  'hidespan1' is defined but never used     no-unused-vars
   93:10  warning  'showspan2' is defined but never used     no-unused-vars
   96:10  warning  'hidespan2' is defined but never used     no-unused-vars
  109:17  warning  'CanvasJS' is not defined                 no-undef
  114:2   warning  Mixed spaces and tabs                     no-mixed-spaces-and-tabs
  158:17  warning  'CanvasJS' is not defined                 no-undef
  163:2   warning  Mixed spaces and tabs                     no-mixed-spaces-and-tabs
  207:17  warning  'CanvasJS' is not defined                 no-undef
  212:2   warning  Mixed spaces and tabs                     no-mixed-spaces-and-tabs
  247:10  warning  'displayplot' is defined but never used   no-unused-vars

/home/runner/work/exp-functioning-voltage-doubler-iitkgp/exp-functioning-voltage-doubler-iitkgp/experiment/simulation/doublerJS.js
    3:26  warning  'doublef' is defined but never used             no-unused-vars
    3:79  warning  'multerm2' is defined but never used            no-unused-vars
    4:5   warning  'riple1cnt' is assigned a value but never used  no-unused-vars
    4:17  warning  'riple2cnt' is assigned a value but never used  no-unused-vars
    4:29  warning  'riple3cnt' is assigned a value but never used  no-unused-vars
    4:41  warning  'riple4cnt' is assigned a value but never used  no-unused-vars
   29:10  warning  'calcriplecurr' is defined but never used       no-unused-vars
   79:10  warning  'displaygraphcurr' is defined but never used    no-unused-vars
  105:20  warning  'JSChart' is not defined                        no-undef
  126:10  warning  'j' is already defined                          no-redeclare
  152:10  warning  'calcriplefreq' is defined but never used       no-unused-vars
  201:10  warning  'displaygraphfreq' is defined but never used    no-unused-vars
  229:20  warning  'JSChart' is not defined                        no-undef
  250:10  warning  'j' is already defined                          no-redeclare
  277:10  warning  'calcriplecap1' is defined but never used       no-unused-vars
  325:10  warning  'displaygraphcap1' is defined but never used    no-unused-vars
  349:20  warning  'JSChart' is not defined                        no-undef
  370:10  warning  'j' is already defined                          no-redeclare
  398:10  warning  'calcriplecap2' is defined but never used       no-unused-vars
  446:10  warning  'displaygraphcap2' is defined but never used    no-unused-vars
  470:20  warning  'JSChart' is not defined                        no-undef
  491:10  warning  'j' is already defined                          no-redeclare
  509:10  warning  'paramdisable' is defined but never used        no-unused-vars
  517:10  warning  'chooseparam' is defined but never used         no-unused-vars
  556:10  warning  'reload1' is defined but never used             no-unused-vars
  558:25  warning  'document.location.href' is assigned to itself  no-self-assign
  562:10  warning  'calculateripple' is defined but never used     no-unused-vars
  765:10  warning  'showflash' is defined but never used           no-unused-vars

/home/runner/work/exp-functioning-voltage-doubler-iitkgp/exp-functioning-voltage-doubler-iitkgp/experiment/simulation/doublerJS1.js
  834:1  error  Parsing error: Unexpected token <

/home/runner/work/exp-functioning-voltage-doubler-iitkgp/exp-functioning-voltage-doubler-iitkgp/experiment/simulation/doublerJS2.js
    3:36  warning  'doublef' is defined but never used             no-unused-vars
    3:89  warning  'multerm2' is defined but never used            no-unused-vars
    4:5   warning  'riple1cnt' is assigned a value but never used  no-unused-vars
    4:17  warning  'riple2cnt' is assigned a value but never used  no-unused-vars
    4:29  warning  'riple3cnt' is assigned a value but never used  no-unused-vars
    4:41  warning  'riple4cnt' is assigned a value but never used  no-unused-vars
    4:83  warning  'cap2cnt' is assigned a value but never used    no-unused-vars
   11:5   warning  'msg5' is assigned a value but never used       no-unused-vars
   30:10  warning  'calcriplecurr' is defined but never used       no-unused-vars
   77:10  warning  'displaygraphcurr' is defined but never used    no-unused-vars
  103:20  warning  'JSChart' is not defined                        no-undef
  124:10  warning  'j' is already defined                          no-redeclare
  152:10  warning  'calcriplefreq' is defined but never used       no-unused-vars
  197:10  warning  'displaygraphfreq' is defined but never used    no-unused-vars
  223:20  warning  'JSChart' is not defined                        no-undef
  244:10  warning  'j' is already defined                          no-redeclare
  283:10  warning  'calcriplecap1' is defined but never used       no-unused-vars
  334:8   warning  'cap1txtval' is already defined                 no-redeclare
  335:8   warning  'riple3txtval' is already defined               no-redeclare
  336:8   warning  'cap1selvar' is already defined                 no-redeclare
  337:8   warning  'riplesel3var' is already defined               no-redeclare
  352:10  warning  'displaygraphcap1' is defined but never used    no-unused-vars
  370:7   warning  Mixed spaces and tabs                           no-mixed-spaces-and-tabs
  372:21  warning  'JSChart' is not defined                        no-undef
  392:11  warning  'j' is already defined                          no-redeclare
  410:10  warning  'paramdisable' is defined but never used        no-unused-vars
  418:10  warning  'chooseparam' is defined but never used         no-unused-vars
  450:10  warning  'reload1' is defined but never used             no-unused-vars
  452:25  warning  'document.location.href' is assigned to itself  no-self-assign
  456:10  warning  'calculateripple' is defined but never used     no-unused-vars
  650:10  warning  'showflash' is defined but never used           no-unused-vars

/home/runner/work/exp-functioning-voltage-doubler-iitkgp/exp-functioning-voltage-doubler-iitkgp/experiment/simulation/sources/AC_RunActiveContent.js
   13:6   warning  'e' is defined but never used                               no-unused-vars
   19:13  warning  'ActiveXObject' is not defined                              no-undef
   21:14  warning  Empty block statement                                       no-empty
   28:14  warning  'ActiveXObject' is not defined                              no-undef
   43:15  warning  Empty block statement                                       no-empty
   51:14  warning  'ActiveXObject' is not defined                              no-undef
   53:15  warning  Empty block statement                                       no-empty
   61:14  warning  'ActiveXObject' is not defined                              no-undef
   63:15  warning  Empty block statement                                       no-empty
   71:14  warning  'ActiveXObject' is not defined                              no-undef
  106:8   warning  'flashVer' is already defined                               no-redeclare
  122:10  warning  'DetectFlashVer' is defined but never used                  no-unused-vars
  124:2   warning  'versionStr' is not defined                                 no-undef
  125:6   warning  'versionStr' is not defined                                 no-undef
  127:13  warning  'versionStr' is not defined                                 no-undef
  130:4   warning  'tempArray' is not defined                                  no-undef
  130:24  warning  'versionStr' is not defined                                 no-undef
  131:4   warning  'tempString' is not defined                                 no-undef
  131:24  warning  'tempArray' is not defined                                  no-undef
  132:4   warning  'versionArray' is not defined                               no-undef
  132:24  warning  'tempString' is not defined                                 no-undef
  134:4   warning  'versionArray' is not defined                               no-undef
  134:24  warning  'versionStr' is not defined                                 no-undef
  136:27  warning  'versionArray' is not defined                               no-undef
  137:27  warning  'versionArray' is not defined                               no-undef
  138:27  warning  'versionArray' is not defined                               no-undef
  140:8   warning  Mixed spaces and tabs                                       no-mixed-spaces-and-tabs
  174:14  warning  'i' is already defined                                      no-redeclare
  183:14  warning  'i' is already defined                                      no-redeclare
  193:10  warning  'AC_FL_RunContent' is defined but never used                no-unused-vars
  196:5   warning  Unexpected newline between function and ( of function call  no-unexpected-multiline
  202:10  warning  'AC_SW_RunContent' is defined but never used                no-unused-vars
  205:5   warning  Unexpected newline between function and ( of function call  no-unexpected-multiline

/home/runner/work/exp-functioning-voltage-doubler-iitkgp/exp-functioning-voltage-doubler-iitkgp/experiment/simulation/sources/jscharts.js
  16:247  warning  Unnecessary semicolon  no-extra-semi

✖ 144 problems (1 error, 143 warnings)
  0 errors and 1 warning potentially fixable with the `--fix` option.

